Arguments: 
  C:\Program Files (x86)\nodejs\node.exe C:\Users\xocta\AppData\Roaming\npm\node_modules\yarn\bin\yarn.js init

PATH: 
  C:\Users\xocta\Desktop\Labs\lab20\node_modules\.bin;C:\WINDOWS\system32;C:\WINDOWS;C:\WINDOWS\System32\Wbem;C:\WINDOWS\System32\WindowsPowerShell\v1.0\;C:\WINDOWS\System32\OpenSSH\;C:\Program Files\Git\cmd;C:\Program Files (x86)\nodejs\;C:\Users\xocta\AppData\Local\Microsoft\WindowsApps;C:\Users\xocta\AppData\Roaming\npm

Yarn version: 
  1.22.10

Node version: 
  14.17.0

Platform: 
  win32 ia32

Trace: 
  SyntaxError: C:\Users\xocta\Desktop\Labs\lab20\package.json: Unexpected end of JSON input
      at JSON.parse (<anonymous>)
      at C:\Users\xocta\AppData\Roaming\npm\node_modules\yarn\lib\cli.js:1625:59
      at Generator.next (<anonymous>)
      at step (C:\Users\xocta\AppData\Roaming\npm\node_modules\yarn\lib\cli.js:310:30)
      at C:\Users\xocta\AppData\Roaming\npm\node_modules\yarn\lib\cli.js:321:13

npm manifest: 
  {
    "name": "my-npm-project",
    "version": "1.0.0",
    "description": "",
    "main": "lab20.js",
    "scripts": {
      "test": "echo \"Error: no test specified\" && exit 1",
      "start": "http-server -c-1 ./",
    "author": "Anatolii",
    "license": "ISC",
    "dependencies": {
      "jquery": "^3.6.0",
      "lodash": "^4.17.21"
    },
    "devDependencies": {
      "http-server": "^0.12.3",
      "webpack": "^5.38.1"
    }
  }

yarn manifest: 
  No manifest

Lockfile: 
  No lockfile
